[2020-09-03 10:34:21] production.ERROR: ErrorException: Trying to get property 'id' of non-object in C:\xampp_72\htdocs\appsiel_2020\appsiel\app\Http\Controllers\ActividadesEscolares\ActividadesEscolaresController.php:212
Stack trace:
#0 C:\xampp_72\htdocs\appsiel_2020\appsiel\app\Http\Controllers\ActividadesEscolares\ActividadesEscolaresController.php(212): Illuminate\Foundation\Bootstrap\HandleExceptions->handleError(8, 'Trying to get p...', 'C:\\xampp_72\\htd...', 212, Array)
#1 [internal function]: App\Http\Controllers\ActividadesEscolares\ActividadesEscolaresController->hacer_actividad('5')
#2 C:\xampp_72\htdocs\appsiel_2020\appsiel\vendor\laravel\framework\src\Illuminate\Routing\Controller.php(80): call_user_func_array(Array, Array)
#3 C:\xampp_72\htdocs\appsiel_2020\appsiel\vendor\laravel\framework\src\Illuminate\Routing\ControllerDispatcher.php(146): Illuminate\Routing\Controller->callAction('hacer_actividad', Array)
#4 C:\xampp_72\htdocs\appsiel_2020\appsiel\vendor\laravel\framework\src\Illuminate\Routing\ControllerDispatcher.php(94): Illuminate\Routing\ControllerDispatcher->call(Object(App\Http\Controllers\ActividadesEscolares\ActividadesEscolaresController), Object(Illuminate\Routing\Route), 'hacer_actividad')
#5 [internal function]: Illuminate\Routing\ControllerDispatcher->Illuminate\Routing\{closure}(Object(Illuminate\Http\Request))
#6 C:\xampp_72\htdocs\appsiel_2020\appsiel\vendor\laravel\framework\src\Illuminate\Routing\Pipeline.php(52): call_user_func(Object(Closure), Object(Illuminate\Http\Request))
#7 [internal function]: Illuminate\Routing\Pipeline->Illuminate\Routing\{closure}(Object(Illuminate\Http\Request))
#8 C:\xampp_72\htdocs\appsiel_2020\appsiel\vendor\laravel\framework\src\Illuminate\Pipeline\Pipeline.php(102): call_user_func(Object(Closure), Object(Illuminate\Http\Request))
#9 C:\xampp_72\htdocs\appsiel_2020\appsiel\vendor\laravel\framework\src\Illuminate\Routing\ControllerDispatcher.php(96): Illuminate\Pipeline\Pipeline->then(Object(Closure))
#10 C:\xampp_72\htdocs\appsiel_2020\appsiel\vendor\laravel\framework\src\Illuminate\Routing\ControllerDispatcher.php(54): Illuminate\Routing\ControllerDispatcher->callWithinStack(Object(App\Http\Controllers\ActividadesEscolares\ActividadesEscolaresController), Object(Illuminate\Routing\Route), Object(Illuminate\Http\Request), 'hacer_actividad')
#11 C:\xampp_72\htdocs\appsiel_2020\appsiel\vendor\laravel\framework\src\Illuminate\Routing\Route.php(174): Illuminate\Routing\ControllerDispatcher->dispatch(Object(Illuminate\Routing\Route), Object(Illuminate\Http\Request), 'App\\Http\\Contro...', 'hacer_actividad')
#12 C:\xampp_72\htdocs\appsiel_2020\appsiel\vendor\laravel\framework\src\Illuminate\Routing\Route.php(140): Illuminate\Routing\Route->runController(Object(Illuminate\Http\Request))
#13 C:\xampp_72\htdocs\appsiel_2020\appsiel\vendor\laravel\framework\src\Illuminate\Routing\Router.php(724): Illuminate\Routing\Route->run(Object(Illuminate\Http\Request))
#14 [internal function]: Illuminate\Routing\Router->Illuminate\Routing\{closure}(Object(Illuminate\Http\Request))
#15 C:\xampp_72\htdocs\appsiel_2020\appsiel\vendor\laravel\framework\src\Illuminate\Routing\Pipeline.php(52): call_user_func(Object(Closure), Object(Illuminate\Http\Request))
#16 C:\xampp_72\htdocs\appsiel_2020\appsiel\vendor\laravel\framework\src\Illuminate\Foundation\Http\Middleware\VerifyCsrfToken.php(64): Illuminate\Routing\Pipeline->Illuminate\Routing\{closure}(Object(Illuminate\Http\Request))
#17 [internal function]: Illuminate\Foundation\Http\Middleware\VerifyCsrfToken->handle(Object(Illuminate\Http\Request), Object(Closure))
#18 C:\xampp_72\htdocs\appsiel_2020\appsiel\vendor\laravel\framework\src\Illuminate\Pipeline\Pipeline.php(136): call_user_func_array(Array, Array)
#19 [internal function]: Illuminate\Pipeline\Pipeline->Illuminate\Pipeline\{closure}(Object(Illuminate\Http\Request))
#20 C:\xampp_72\htdocs\appsiel_2020\appsiel\vendor\laravel\framework\src\Illuminate\Routing\Pipeline.php(32): call_user_func(Object(Closure), Object(Illuminate\Http\Request))
#21 C:\xampp_72\htdocs\appsiel_2020\appsiel\vendor\laravel\framework\src\Illuminate\View\Middleware\ShareErrorsFromSession.php(49): Illuminate\Routing\Pipeline->Illuminate\Routing\{closure}(Object(Illuminate\Http\Request))
#22 [internal function]: Illuminate\View\Middleware\ShareErrorsFromSession->handle(Object(Illuminate\Http\Request), Object(Closure))
#23 C:\xampp_72\htdocs\appsiel_2020\appsiel\vendor\laravel\framework\src\Illuminate\Pipeline\Pipeline.php(136): call_user_func_array(Array, Array)
#24 [internal function]: Illuminate\Pipeline\Pipeline->Illuminate\Pipeline\{closure}(Object(Illuminate\Http\Request))
#25 C:\xampp_72\htdocs\appsiel_2020\appsiel\vendor\laravel\framework\src\Illuminate\Routing\Pipeline.php(32): call_user_func(Object(Closure), Object(Illuminate\Http\Request))
#26 C:\xampp_72\htdocs\appsiel_2020\appsiel\vendor\laravel\framework\src\Illuminate\Session\Middleware\StartSession.php(64): Illuminate\Routing\Pipeline->Illuminate\Routing\{closure}(Object(Illuminate\Http\Request))
#27 [internal function]: Illuminate\Session\Middleware\StartSession->handle(Object(Illuminate\Http\Request), Object(Closure))
#28 C:\xampp_72\htdocs\appsiel_2020\appsiel\vendor\laravel\framework\src\Illuminate\Pipeline\Pipeline.php(136): call_user_func_array(Array, Array)
#29 [internal function]: Illuminate\Pipeline\Pipeline->Illuminate\Pipeline\{closure}(Object(Illuminate\Http\Request))
#30 C:\xampp_72\htdocs\appsiel_2020\appsiel\vendor\laravel\framework\src\Illuminate\Routing\Pipeline.php(32): call_user_func(Object(Closure), Object(Illuminate\Http\Request))
#31 C:\xampp_72\htdocs\appsiel_2020\appsiel\vendor\laravel\framework\src\Illuminate\Cookie\Middleware\AddQueuedCookiesToResponse.php(37): Illuminate\Routing\Pipeline->Illuminate\Routing\{closure}(Object(Illuminate\Http\Request))
#32 [internal function]: Illuminate\Cookie\Middleware\AddQueuedCookiesToResponse->handle(Object(Illuminate\Http\Request), Object(Closure))
#33 C:\xampp_72\htdocs\appsiel_2020\appsiel\vendor\laravel\framework\src\Illuminate\Pipeline\Pipeline.php(136): call_user_func_array(Array, Array)
#34 [internal function]: Illuminate\Pipeline\Pipeline->Illuminate\Pipeline\{closure}(Object(Illuminate\Http\Request))
#35 C:\xampp_72\htdocs\appsiel_2020\appsiel\vendor\laravel\framework\src\Illuminate\Routing\Pipeline.php(32): call_user_func(Object(Closure), Object(Illuminate\Http\Request))
#36 C:\xampp_72\htdocs\appsiel_2020\appsiel\vendor\laravel\framework\src\Illuminate\Cookie\Middleware\EncryptCookies.php(59): Illuminate\Routing\Pipeline->Illuminate\Routing\{closure}(Object(Illuminate\Http\Request))
#37 [internal function]: Illuminate\Cookie\Middleware\EncryptCookies->handle(Object(Illuminate\Http\Request), Object(Closure))
#38 C:\xampp_72\htdocs\appsiel_2020\appsiel\vendor\laravel\framework\src\Illuminate\Pipeline\Pipeline.php(136): call_user_func_array(Array, Array)
#39 [internal function]: Illuminate\Pipeline\Pipeline->Illuminate\Pipeline\{closure}(Object(Illuminate\Http\Request))
#40 C:\xampp_72\htdocs\appsiel_2020\appsiel\vendor\laravel\framework\src\Illuminate\Routing\Pipeline.php(32): call_user_func(Object(Closure), Object(Illuminate\Http\Request))
#41 [internal function]: Illuminate\Routing\Pipeline->Illuminate\Routing\{closure}(Object(Illuminate\Http\Request))
#42 C:\xampp_72\htdocs\appsiel_2020\appsiel\vendor\laravel\framework\src\Illuminate\Pipeline\Pipeline.php(102): call_user_func(Object(Closure), Object(Illuminate\Http\Request))
#43 C:\xampp_72\htdocs\appsiel_2020\appsiel\vendor\laravel\framework\src\Illuminate\Routing\Router.php(726): Illuminate\Pipeline\Pipeline->then(Object(Closure))
#44 C:\xampp_72\htdocs\appsiel_2020\appsiel\vendor\laravel\framework\src\Illuminate\Routing\Router.php(699): Illuminate\Routing\Router->runRouteWithinStack(Object(Illuminate\Routing\Route), Object(Illuminate\Http\Request))
#45 C:\xampp_72\htdocs\appsiel_2020\appsiel\vendor\laravel\framework\src\Illuminate\Routing\Router.php(675): Illuminate\Routing\Router->dispatchToRoute(Object(Illuminate\Http\Request))
#46 C:\xampp_72\htdocs\appsiel_2020\appsiel\vendor\laravel\framework\src\Illuminate\Foundation\Http\Kernel.php(246): Illuminate\Routing\Router->dispatch(Object(Illuminate\Http\Request))
#47 [internal function]: Illuminate\Foundation\Http\Kernel->Illuminate\Foundation\Http\{closure}(Object(Illuminate\Http\Request))
#48 C:\xampp_72\htdocs\appsiel_2020\appsiel\vendor\laravel\framework\src\Illuminate\Routing\Pipeline.php(52): call_user_func(Object(Closure), Object(Illuminate\Http\Request))
#49 C:\xampp_72\htdocs\appsiel_2020\appsiel\vendor\laravel\framework\src\Illuminate\Foundation\Http\Middleware\CheckForMaintenanceMode.php(44): Illuminate\Routing\Pipeline->Illuminate\Routing\{closure}(Object(Illuminate\Http\Request))
#50 [internal function]: Illuminate\Foundation\Http\Middleware\CheckForMaintenanceMode->handle(Object(Illuminate\Http\Request), Object(Closure))
#51 C:\xampp_72\htdocs\appsiel_2020\appsiel\vendor\laravel\framework\src\Illuminate\Pipeline\Pipeline.php(136): call_user_func_array(Array, Array)
#52 [internal function]: Illuminate\Pipeline\Pipeline->Illuminate\Pipeline\{closure}(Object(Illuminate\Http\Request))
#53 C:\xampp_72\htdocs\appsiel_2020\appsiel\vendor\laravel\framework\src\Illuminate\Routing\Pipeline.php(32): call_user_func(Object(Closure), Object(Illuminate\Http\Request))
#54 [internal function]: Illuminate\Routing\Pipeline->Illuminate\Routing\{closure}(Object(Illuminate\Http\Request))
#55 C:\xampp_72\htdocs\appsiel_2020\appsiel\vendor\laravel\framework\src\Illuminate\Pipeline\Pipeline.php(102): call_user_func(Object(Closure), Object(Illuminate\Http\Request))
#56 C:\xampp_72\htdocs\appsiel_2020\appsiel\vendor\laravel\framework\src\Illuminate\Foundation\Http\Kernel.php(132): Illuminate\Pipeline\Pipeline->then(Object(Closure))
#57 C:\xampp_72\htdocs\appsiel_2020\appsiel\vendor\laravel\framework\src\Illuminate\Foundation\Http\Kernel.php(99): Illuminate\Foundation\Http\Kernel->sendRequestThroughRouter(Object(Illuminate\Http\Request))
#58 C:\xampp_72\htdocs\appsiel_2020\index.php(53): Illuminate\Foundation\Http\Kernel->handle(Object(Illuminate\Http\Request))
#59 {main}  
[2020-09-07 21:33:42] production.ERROR: RuntimeException: No supported encrypter found. The cipher and / or key length are invalid. in C:\xampp\htdocs\Appsiel\appsiel\vendor\laravel\framework\src\Illuminate\Encryption\EncryptionServiceProvider.php:45
Stack trace:
#0 C:\xampp\htdocs\Appsiel\appsiel\vendor\laravel\framework\src\Illuminate\Encryption\EncryptionServiceProvider.php(25): Illuminate\Encryption\EncryptionServiceProvider->getEncrypterForKeyAndCipher(NULL, 'AES-256-CBC')
#1 C:\xampp\htdocs\Appsiel\appsiel\vendor\laravel\framework\src\Illuminate\Container\Container.php(731): Illuminate\Encryption\EncryptionServiceProvider->Illuminate\Encryption\{closure}(Object(Illuminate\Foundation\Application), Array)
#2 C:\xampp\htdocs\Appsiel\appsiel\vendor\laravel\framework\src\Illuminate\Container\Container.php(629): Illuminate\Container\Container->build(Object(Closure), Array)
#3 C:\xampp\htdocs\Appsiel\appsiel\vendor\laravel\framework\src\Illuminate\Foundation\Application.php(697): Illuminate\Container\Container->make('encrypter', Array)
#4 C:\xampp\htdocs\Appsiel\appsiel\vendor\laravel\framework\src\Illuminate\Container\Container.php(849): Illuminate\Foundation\Application->make('encrypter')
#5 C:\xampp\htdocs\Appsiel\appsiel\vendor\laravel\framework\src\Illuminate\Container\Container.php(804): Illuminate\Container\Container->resolveClass(Object(ReflectionParameter))
#6 C:\xampp\htdocs\Appsiel\appsiel\vendor\laravel\framework\src\Illuminate\Container\Container.php(774): Illuminate\Container\Container->getDependencies(Array, Array)
#7 C:\xampp\htdocs\Appsiel\appsiel\vendor\laravel\framework\src\Illuminate\Container\Container.php(629): Illuminate\Container\Container->build('App\\Http\\Middle...', Array)
#8 C:\xampp\htdocs\Appsiel\appsiel\vendor\laravel\framework\src\Illuminate\Foundation\Application.php(697): Illuminate\Container\Container->make('App\\Http\\Middle...', Array)
#9 C:\xampp\htdocs\Appsiel\appsiel\vendor\laravel\framework\src\Illuminate\Pipeline\Pipeline.php(126): Illuminate\Foundation\Application->make('App\\Http\\Middle...')
#10 [internal function]: Illuminate\Pipeline\Pipeline->Illuminate\Pipeline\{closure}(Object(Illuminate\Http\Request))
#11 C:\xampp\htdocs\Appsiel\appsiel\vendor\laravel\framework\src\Illuminate\Routing\Pipeline.php(32): call_user_func(Object(Closure), Object(Illuminate\Http\Request))
#12 [internal function]: Illuminate\Routing\Pipeline->Illuminate\Routing\{closure}(Object(Illuminate\Http\Request))
#13 C:\xampp\htdocs\Appsiel\appsiel\vendor\laravel\framework\src\Illuminate\Pipeline\Pipeline.php(102): call_user_func(Object(Closure), Object(Illuminate\Http\Request))
#14 C:\xampp\htdocs\Appsiel\appsiel\vendor\laravel\framework\src\Illuminate\Routing\Router.php(726): Illuminate\Pipeline\Pipeline->then(Object(Closure))
#15 C:\xampp\htdocs\Appsiel\appsiel\vendor\laravel\framework\src\Illuminate\Routing\Router.php(699): Illuminate\Routing\Router->runRouteWithinStack(Object(Illuminate\Routing\Route), Object(Illuminate\Http\Request))
#16 C:\xampp\htdocs\Appsiel\appsiel\vendor\laravel\framework\src\Illuminate\Routing\Router.php(675): Illuminate\Routing\Router->dispatchToRoute(Object(Illuminate\Http\Request))
#17 C:\xampp\htdocs\Appsiel\appsiel\vendor\laravel\framework\src\Illuminate\Foundation\Http\Kernel.php(246): Illuminate\Routing\Router->dispatch(Object(Illuminate\Http\Request))
#18 [internal function]: Illuminate\Foundation\Http\Kernel->Illuminate\Foundation\Http\{closure}(Object(Illuminate\Http\Request))
#19 C:\xampp\htdocs\Appsiel\appsiel\vendor\laravel\framework\src\Illuminate\Routing\Pipeline.php(52): call_user_func(Object(Closure), Object(Illuminate\Http\Request))
#20 C:\xampp\htdocs\Appsiel\appsiel\vendor\laravel\framework\src\Illuminate\Foundation\Http\Middleware\CheckForMaintenanceMode.php(44): Illuminate\Routing\Pipeline->Illuminate\Routing\{closure}(Object(Illuminate\Http\Request))
#21 [internal function]: Illuminate\Foundation\Http\Middleware\CheckForMaintenanceMode->handle(Object(Illuminate\Http\Request), Object(Closure))
#22 C:\xampp\htdocs\Appsiel\appsiel\vendor\laravel\framework\src\Illuminate\Pipeline\Pipeline.php(136): call_user_func_array(Array, Array)
#23 [internal function]: Illuminate\Pipeline\Pipeline->Illuminate\Pipeline\{closure}(Object(Illuminate\Http\Request))
#24 C:\xampp\htdocs\Appsiel\appsiel\vendor\laravel\framework\src\Illuminate\Routing\Pipeline.php(32): call_user_func(Object(Closure), Object(Illuminate\Http\Request))
#25 [internal function]: Illuminate\Routing\Pipeline->Illuminate\Routing\{closure}(Object(Illuminate\Http\Request))
#26 C:\xampp\htdocs\Appsiel\appsiel\vendor\laravel\framework\src\Illuminate\Pipeline\Pipeline.php(102): call_user_func(Object(Closure), Object(Illuminate\Http\Request))
#27 C:\xampp\htdocs\Appsiel\appsiel\vendor\laravel\framework\src\Illuminate\Foundation\Http\Kernel.php(132): Illuminate\Pipeline\Pipeline->then(Object(Closure))
#28 C:\xampp\htdocs\Appsiel\appsiel\vendor\laravel\framework\src\Illuminate\Foundation\Http\Kernel.php(99): Illuminate\Foundation\Http\Kernel->sendRequestThroughRouter(Object(Illuminate\Http\Request))
#29 C:\xampp\htdocs\Appsiel\index.php(53): Illuminate\Foundation\Http\Kernel->handle(Object(Illuminate\Http\Request))
#30 {main}  
[2020-09-07 21:33:42] production.ERROR: RuntimeException: No supported encrypter found. The cipher and / or key length are invalid. in C:\xampp\htdocs\Appsiel\appsiel\vendor\laravel\framework\src\Illuminate\Encryption\EncryptionServiceProvider.php:45
Stack trace:
#0 C:\xampp\htdocs\Appsiel\appsiel\vendor\laravel\framework\src\Illuminate\Encryption\EncryptionServiceProvider.php(25): Illuminate\Encryption\EncryptionServiceProvider->getEncrypterForKeyAndCipher(NULL, 'AES-256-CBC')
#1 C:\xampp\htdocs\Appsiel\appsiel\vendor\laravel\framework\src\Illuminate\Container\Container.php(731): Illuminate\Encryption\EncryptionServiceProvider->Illuminate\Encryption\{closure}(Object(Illuminate\Foundation\Application), Array)
#2 C:\xampp\htdocs\Appsiel\appsiel\vendor\laravel\framework\src\Illuminate\Container\Container.php(629): Illuminate\Container\Container->build(Object(Closure), Array)
#3 C:\xampp\htdocs\Appsiel\appsiel\vendor\laravel\framework\src\Illuminate\Foundation\Application.php(697): Illuminate\Container\Container->make('encrypter', Array)
#4 C:\xampp\htdocs\Appsiel\appsiel\vendor\laravel\framework\src\Illuminate\Container\Container.php(849): Illuminate\Foundation\Application->make('encrypter')
#5 C:\xampp\htdocs\Appsiel\appsiel\vendor\laravel\framework\src\Illuminate\Container\Container.php(804): Illuminate\Container\Container->resolveClass(Object(ReflectionParameter))
#6 C:\xampp\htdocs\Appsiel\appsiel\vendor\laravel\framework\src\Illuminate\Container\Container.php(774): Illuminate\Container\Container->getDependencies(Array, Array)
#7 C:\xampp\htdocs\Appsiel\appsiel\vendor\laravel\framework\src\Illuminate\Container\Container.php(629): Illuminate\Container\Container->build('App\\Http\\Middle...', Array)
#8 C:\xampp\htdocs\Appsiel\appsiel\vendor\laravel\framework\src\Illuminate\Foundation\Application.php(697): Illuminate\Container\Container->make('App\\Http\\Middle...', Array)
#9 C:\xampp\htdocs\Appsiel\appsiel\vendor\laravel\framework\src\Illuminate\Foundation\Http\Kernel.php(152): Illuminate\Foundation\Application->make('App\\Http\\Middle...')
#10 C:\xampp\htdocs\Appsiel\index.php(58): Illuminate\Foundation\Http\Kernel->terminate(Object(Illuminate\Http\Request), Object(Illuminate\Http\Response))
#11 {main}  
[2020-09-08 09:40:32] production.ERROR: PDOException: SQLSTATE[42S21]: Column already exists: 1060 Duplicate column name 'imagen' in C:\xampp_72\htdocs\appsiel_2020\appsiel\vendor\laravel\framework\src\Illuminate\Database\Connection.php:457
Stack trace:
#0 C:\xampp_72\htdocs\appsiel_2020\appsiel\vendor\laravel\framework\src\Illuminate\Database\Connection.php(457): PDOStatement->execute(Array)
#1 C:\xampp_72\htdocs\appsiel_2020\appsiel\vendor\laravel\framework\src\Illuminate\Database\Connection.php(722): Illuminate\Database\Connection->Illuminate\Database\{closure}(Object(Illuminate\Database\MySqlConnection), 'alter table `pw...', Array)
#2 C:\xampp_72\htdocs\appsiel_2020\appsiel\vendor\laravel\framework\src\Illuminate\Database\Connection.php(685): Illuminate\Database\Connection->runQueryCallback('alter table `pw...', Array, Object(Closure))
#3 C:\xampp_72\htdocs\appsiel_2020\appsiel\vendor\laravel\framework\src\Illuminate\Database\Connection.php(458): Illuminate\Database\Connection->run('alter table `pw...', Array, Object(Closure))
#4 C:\xampp_72\htdocs\appsiel_2020\appsiel\vendor\laravel\framework\src\Illuminate\Database\Schema\Blueprint.php(83): Illuminate\Database\Connection->statement('alter table `pw...')
#5 C:\xampp_72\htdocs\appsiel_2020\appsiel\vendor\laravel\framework\src\Illuminate\Database\Schema\Builder.php(229): Illuminate\Database\Schema\Blueprint->build(Object(Illuminate\Database\MySqlConnection), Object(Illuminate\Database\Schema\Grammars\MySqlGrammar))
#6 C:\xampp_72\htdocs\appsiel_2020\appsiel\vendor\laravel\framework\src\Illuminate\Database\Schema\Builder.php(130): Illuminate\Database\Schema\Builder->build(Object(Illuminate\Database\Schema\Blueprint))
#7 C:\xampp_72\htdocs\appsiel_2020\appsiel\vendor\laravel\framework\src\Illuminate\Support\Facades\Facade.php(219): Illuminate\Database\Schema\Builder->table('pw_stickybotons', Object(Closure))
#8 C:\xampp_72\htdocs\appsiel_2020\appsiel\database\migrations\2020_07_07_120837_AddColumnsToStickyboton.php(17): Illuminate\Support\Facades\Facade::__callStatic('table', Array)
#9 C:\xampp_72\htdocs\appsiel_2020\appsiel\vendor\laravel\framework\src\Illuminate\Database\Migrations\Migrator.php(147): AddColumnsToStickyboton->up()
#10 C:\xampp_72\htdocs\appsiel_2020\appsiel\vendor\laravel\framework\src\Illuminate\Database\Migrations\Migrator.php(117): Illuminate\Database\Migrations\Migrator->runUp('2020_07_07_1208...', 73, false)
#11 C:\xampp_72\htdocs\appsiel_2020\appsiel\vendor\laravel\framework\src\Illuminate\Database\Migrations\Migrator.php(86): Illuminate\Database\Migrations\Migrator->runMigrationList(Array, Array)
#12 C:\xampp_72\htdocs\appsiel_2020\appsiel\vendor\laravel\framework\src\Illuminate\Database\Console\Migrations\MigrateCommand.php(76): Illuminate\Database\Migrations\Migrator->run('C:\\xampp_72\\htd...', Array)
#13 [internal function]: Illuminate\Database\Console\Migrations\MigrateCommand->fire()
#14 C:\xampp_72\htdocs\appsiel_2020\appsiel\vendor\laravel\framework\src\Illuminate\Container\Container.php(507): call_user_func_array(Array, Array)
#15 C:\xampp_72\htdocs\appsiel_2020\appsiel\vendor\laravel\framework\src\Illuminate\Console\Command.php(169): Illuminate\Container\Container->call(Array)
#16 C:\xampp_72\htdocs\appsiel_2020\appsiel\vendor\symfony\console\Command\Command.php(256): Illuminate\Console\Command->execute(Object(Symfony\Component\Console\Input\ArgvInput), Object(Symfony\Component\Console\Output\ConsoleOutput))
#17 C:\xampp_72\htdocs\appsiel_2020\appsiel\vendor\laravel\framework\src\Illuminate\Console\Command.php(155): Symfony\Component\Console\Command\Command->run(Object(Symfony\Component\Console\Input\ArgvInput), Object(Symfony\Component\Console\Output\ConsoleOutput))
#18 C:\xampp_72\htdocs\appsiel_2020\appsiel\vendor\symfony\console\Application.php(794): Illuminate\Console\Command->run(Object(Symfony\Component\Console\Input\ArgvInput), Object(Symfony\Component\Console\Output\ConsoleOutput))
#19 C:\xampp_72\htdocs\appsiel_2020\appsiel\vendor\symfony\console\Application.php(186): Symfony\Component\Console\Application->doRunCommand(Object(Illuminate\Database\Console\Migrations\MigrateCommand), Object(Symfony\Component\Console\Input\ArgvInput), Object(Symfony\Component\Console\Output\ConsoleOutput))
#20 C:\xampp_72\htdocs\appsiel_2020\appsiel\vendor\symfony\console\Application.php(117): Symfony\Component\Console\Application->doRun(Object(Symfony\Component\Console\Input\ArgvInput), Object(Symfony\Component\Console\Output\ConsoleOutput))
#21 C:\xampp_72\htdocs\appsiel_2020\appsiel\vendor\laravel\framework\src\Illuminate\Foundation\Console\Kernel.php(107): Symfony\Component\Console\Application->run(Object(Symfony\Component\Console\Input\ArgvInput), Object(Symfony\Component\Console\Output\ConsoleOutput))
#22 C:\xampp_72\htdocs\appsiel_2020\appsiel\artisan(35): Illuminate\Foundation\Console\Kernel->handle(Object(Symfony\Component\Console\Input\ArgvInput), Object(Symfony\Component\Console\Output\ConsoleOutput))
#23 {main}

Next Illuminate\Database\QueryException: SQLSTATE[42S21]: Column already exists: 1060 Duplicate column name 'imagen' (SQL: alter table `pw_stickybotons` add `imagen` varchar(255) null after `texto`) in C:\xampp_72\htdocs\appsiel_2020\appsiel\vendor\laravel\framework\src\Illuminate\Database\Connection.php:729
Stack trace:
#0 C:\xampp_72\htdocs\appsiel_2020\appsiel\vendor\laravel\framework\src\Illuminate\Database\Connection.php(685): Illuminate\Database\Connection->runQueryCallback('alter table `pw...', Array, Object(Closure))
#1 C:\xampp_72\htdocs\appsiel_2020\appsiel\vendor\laravel\framework\src\Illuminate\Database\Connection.php(458): Illuminate\Database\Connection->run('alter table `pw...', Array, Object(Closure))
#2 C:\xampp_72\htdocs\appsiel_2020\appsiel\vendor\laravel\framework\src\Illuminate\Database\Schema\Blueprint.php(83): Illuminate\Database\Connection->statement('alter table `pw...')
#3 C:\xampp_72\htdocs\appsiel_2020\appsiel\vendor\laravel\framework\src\Illuminate\Database\Schema\Builder.php(229): Illuminate\Database\Schema\Blueprint->build(Object(Illuminate\Database\MySqlConnection), Object(Illuminate\Database\Schema\Grammars\MySqlGrammar))
#4 C:\xampp_72\htdocs\appsiel_2020\appsiel\vendor\laravel\framework\src\Illuminate\Database\Schema\Builder.php(130): Illuminate\Database\Schema\Builder->build(Object(Illuminate\Database\Schema\Blueprint))
#5 C:\xampp_72\htdocs\appsiel_2020\appsiel\vendor\laravel\framework\src\Illuminate\Support\Facades\Facade.php(219): Illuminate\Database\Schema\Builder->table('pw_stickybotons', Object(Closure))
#6 C:\xampp_72\htdocs\appsiel_2020\appsiel\database\migrations\2020_07_07_120837_AddColumnsToStickyboton.php(17): Illuminate\Support\Facades\Facade::__callStatic('table', Array)
#7 C:\xampp_72\htdocs\appsiel_2020\appsiel\vendor\laravel\framework\src\Illuminate\Database\Migrations\Migrator.php(147): AddColumnsToStickyboton->up()
#8 C:\xampp_72\htdocs\appsiel_2020\appsiel\vendor\laravel\framework\src\Illuminate\Database\Migrations\Migrator.php(117): Illuminate\Database\Migrations\Migrator->runUp('2020_07_07_1208...', 73, false)
#9 C:\xampp_72\htdocs\appsiel_2020\appsiel\vendor\laravel\framework\src\Illuminate\Database\Migrations\Migrator.php(86): Illuminate\Database\Migrations\Migrator->runMigrationList(Array, Array)
#10 C:\xampp_72\htdocs\appsiel_2020\appsiel\vendor\laravel\framework\src\Illuminate\Database\Console\Migrations\MigrateCommand.php(76): Illuminate\Database\Migrations\Migrator->run('C:\\xampp_72\\htd...', Array)
#11 [internal function]: Illuminate\Database\Console\Migrations\MigrateCommand->fire()
#12 C:\xampp_72\htdocs\appsiel_2020\appsiel\vendor\laravel\framework\src\Illuminate\Container\Container.php(507): call_user_func_array(Array, Array)
#13 C:\xampp_72\htdocs\appsiel_2020\appsiel\vendor\laravel\framework\src\Illuminate\Console\Command.php(169): Illuminate\Container\Container->call(Array)
#14 C:\xampp_72\htdocs\appsiel_2020\appsiel\vendor\symfony\console\Command\Command.php(256): Illuminate\Console\Command->execute(Object(Symfony\Component\Console\Input\ArgvInput), Object(Symfony\Component\Console\Output\ConsoleOutput))
#15 C:\xampp_72\htdocs\appsiel_2020\appsiel\vendor\laravel\framework\src\Illuminate\Console\Command.php(155): Symfony\Component\Console\Command\Command->run(Object(Symfony\Component\Console\Input\ArgvInput), Object(Symfony\Component\Console\Output\ConsoleOutput))
#16 C:\xampp_72\htdocs\appsiel_2020\appsiel\vendor\symfony\console\Application.php(794): Illuminate\Console\Command->run(Object(Symfony\Component\Console\Input\ArgvInput), Object(Symfony\Component\Console\Output\ConsoleOutput))
#17 C:\xampp_72\htdocs\appsiel_2020\appsiel\vendor\symfony\console\Application.php(186): Symfony\Component\Console\Application->doRunCommand(Object(Illuminate\Database\Console\Migrations\MigrateCommand), Object(Symfony\Component\Console\Input\ArgvInput), Object(Symfony\Component\Console\Output\ConsoleOutput))
#18 C:\xampp_72\htdocs\appsiel_2020\appsiel\vendor\symfony\console\Application.php(117): Symfony\Component\Console\Application->doRun(Object(Symfony\Component\Console\Input\ArgvInput), Object(Symfony\Component\Console\Output\ConsoleOutput))
#19 C:\xampp_72\htdocs\appsiel_2020\appsiel\vendor\laravel\framework\src\Illuminate\Foundation\Console\Kernel.php(107): Symfony\Component\Console\Application->run(Object(Symfony\Component\Console\Input\ArgvInput), Object(Symfony\Component\Console\Output\ConsoleOutput))
#20 C:\xampp_72\htdocs\appsiel_2020\appsiel\artisan(35): Illuminate\Foundation\Console\Kernel->handle(Object(Symfony\Component\Console\Input\ArgvInput), Object(Symfony\Component\Console\Output\ConsoleOutput))
#21 {main}  
[2020-09-08 09:41:51] production.ERROR: PDOException: SQLSTATE[42S01]: Base table or view already exists: 1050 Table 'inv_ficha_producto' already exists in C:\xampp_72\htdocs\appsiel_2020\appsiel\vendor\laravel\framework\src\Illuminate\Database\Connection.php:457
Stack trace:
#0 C:\xampp_72\htdocs\appsiel_2020\appsiel\vendor\laravel\framework\src\Illuminate\Database\Connection.php(457): PDOStatement->execute(Array)
#1 C:\xampp_72\htdocs\appsiel_2020\appsiel\vendor\laravel\framework\src\Illuminate\Database\Connection.php(722): Illuminate\Database\Connection->Illuminate\Database\{closure}(Object(Illuminate\Database\MySqlConnection), 'create table `i...', Array)
#2 C:\xampp_72\htdocs\appsiel_2020\appsiel\vendor\laravel\framework\src\Illuminate\Database\Connection.php(685): Illuminate\Database\Connection->runQueryCallback('create table `i...', Array, Object(Closure))
#3 C:\xampp_72\htdocs\appsiel_2020\appsiel\vendor\laravel\framework\src\Illuminate\Database\Connection.php(458): Illuminate\Database\Connection->run('create table `i...', Array, Object(Closure))
#4 C:\xampp_72\htdocs\appsiel_2020\appsiel\vendor\laravel\framework\src\Illuminate\Database\Schema\Blueprint.php(83): Illuminate\Database\Connection->statement('create table `i...')
#5 C:\xampp_72\htdocs\appsiel_2020\appsiel\vendor\laravel\framework\src\Illuminate\Database\Schema\Builder.php(229): Illuminate\Database\Schema\Blueprint->build(Object(Illuminate\Database\MySqlConnection), Object(Illuminate\Database\Schema\Grammars\MySqlGrammar))
#6 C:\xampp_72\htdocs\appsiel_2020\appsiel\vendor\laravel\framework\src\Illuminate\Database\Schema\Builder.php(148): Illuminate\Database\Schema\Builder->build(Object(Illuminate\Database\Schema\Blueprint))
#7 C:\xampp_72\htdocs\appsiel_2020\appsiel\vendor\laravel\framework\src\Illuminate\Support\Facades\Facade.php(219): Illuminate\Database\Schema\Builder->create('inv_ficha_produ...', Object(Closure))
#8 C:\xampp_72\htdocs\appsiel_2020\appsiel\database\migrations\2020_07_21_152334_create_inv_ficha_producto_table.php(22): Illuminate\Support\Facades\Facade::__callStatic('create', Array)
#9 C:\xampp_72\htdocs\appsiel_2020\appsiel\vendor\laravel\framework\src\Illuminate\Database\Migrations\Migrator.php(147): CreateInvFichaProductoTable->up()
#10 C:\xampp_72\htdocs\appsiel_2020\appsiel\vendor\laravel\framework\src\Illuminate\Database\Migrations\Migrator.php(117): Illuminate\Database\Migrations\Migrator->runUp('2020_07_21_1523...', 73, false)
#11 C:\xampp_72\htdocs\appsiel_2020\appsiel\vendor\laravel\framework\src\Illuminate\Database\Migrations\Migrator.php(86): Illuminate\Database\Migrations\Migrator->runMigrationList(Array, Array)
#12 C:\xampp_72\htdocs\appsiel_2020\appsiel\vendor\laravel\framework\src\Illuminate\Database\Console\Migrations\MigrateCommand.php(76): Illuminate\Database\Migrations\Migrator->run('C:\\xampp_72\\htd...', Array)
#13 [internal function]: Illuminate\Database\Console\Migrations\MigrateCommand->fire()
#14 C:\xampp_72\htdocs\appsiel_2020\appsiel\vendor\laravel\framework\src\Illuminate\Container\Container.php(507): call_user_func_array(Array, Array)
#15 C:\xampp_72\htdocs\appsiel_2020\appsiel\vendor\laravel\framework\src\Illuminate\Console\Command.php(169): Illuminate\Container\Container->call(Array)
#16 C:\xampp_72\htdocs\appsiel_2020\appsiel\vendor\symfony\console\Command\Command.php(256): Illuminate\Console\Command->execute(Object(Symfony\Component\Console\Input\ArgvInput), Object(Symfony\Component\Console\Output\ConsoleOutput))
#17 C:\xampp_72\htdocs\appsiel_2020\appsiel\vendor\laravel\framework\src\Illuminate\Console\Command.php(155): Symfony\Component\Console\Command\Command->run(Object(Symfony\Component\Console\Input\ArgvInput), Object(Symfony\Component\Console\Output\ConsoleOutput))
#18 C:\xampp_72\htdocs\appsiel_2020\appsiel\vendor\symfony\console\Application.php(794): Illuminate\Console\Command->run(Object(Symfony\Component\Console\Input\ArgvInput), Object(Symfony\Component\Console\Output\ConsoleOutput))
#19 C:\xampp_72\htdocs\appsiel_2020\appsiel\vendor\symfony\console\Application.php(186): Symfony\Component\Console\Application->doRunCommand(Object(Illuminate\Database\Console\Migrations\MigrateCommand), Object(Symfony\Component\Console\Input\ArgvInput), Object(Symfony\Component\Console\Output\ConsoleOutput))
#20 C:\xampp_72\htdocs\appsiel_2020\appsiel\vendor\symfony\console\Application.php(117): Symfony\Component\Console\Application->doRun(Object(Symfony\Component\Console\Input\ArgvInput), Object(Symfony\Component\Console\Output\ConsoleOutput))
#21 C:\xampp_72\htdocs\appsiel_2020\appsiel\vendor\laravel\framework\src\Illuminate\Foundation\Console\Kernel.php(107): Symfony\Component\Console\Application->run(Object(Symfony\Component\Console\Input\ArgvInput), Object(Symfony\Component\Console\Output\ConsoleOutput))
#22 C:\xampp_72\htdocs\appsiel_2020\appsiel\artisan(35): Illuminate\Foundation\Console\Kernel->handle(Object(Symfony\Component\Console\Input\ArgvInput), Object(Symfony\Component\Console\Output\ConsoleOutput))
#23 {main}

Next Illuminate\Database\QueryException: SQLSTATE[42S01]: Base table or view already exists: 1050 Table 'inv_ficha_producto' already exists (SQL: create table `inv_ficha_producto` (`id` bigint unsigned not null auto_increment primary key, `key` varchar(255) not null, `descripcion` longtext not null, `producto_id` int unsigned not null, `created_at` timestamp null, `updated_at` timestamp null) default character set utf8 collate utf8_unicode_ci) in C:\xampp_72\htdocs\appsiel_2020\appsiel\vendor\laravel\framework\src\Illuminate\Database\Connection.php:729
Stack trace:
#0 C:\xampp_72\htdocs\appsiel_2020\appsiel\vendor\laravel\framework\src\Illuminate\Database\Connection.php(685): Illuminate\Database\Connection->runQueryCallback('create table `i...', Array, Object(Closure))
#1 C:\xampp_72\htdocs\appsiel_2020\appsiel\vendor\laravel\framework\src\Illuminate\Database\Connection.php(458): Illuminate\Database\Connection->run('create table `i...', Array, Object(Closure))
#2 C:\xampp_72\htdocs\appsiel_2020\appsiel\vendor\laravel\framework\src\Illuminate\Database\Schema\Blueprint.php(83): Illuminate\Database\Connection->statement('create table `i...')
#3 C:\xampp_72\htdocs\appsiel_2020\appsiel\vendor\laravel\framework\src\Illuminate\Database\Schema\Builder.php(229): Illuminate\Database\Schema\Blueprint->build(Object(Illuminate\Database\MySqlConnection), Object(Illuminate\Database\Schema\Grammars\MySqlGrammar))
#4 C:\xampp_72\htdocs\appsiel_2020\appsiel\vendor\laravel\framework\src\Illuminate\Database\Schema\Builder.php(148): Illuminate\Database\Schema\Builder->build(Object(Illuminate\Database\Schema\Blueprint))
#5 C:\xampp_72\htdocs\appsiel_2020\appsiel\vendor\laravel\framework\src\Illuminate\Support\Facades\Facade.php(219): Illuminate\Database\Schema\Builder->create('inv_ficha_produ...', Object(Closure))
#6 C:\xampp_72\htdocs\appsiel_2020\appsiel\database\migrations\2020_07_21_152334_create_inv_ficha_producto_table.php(22): Illuminate\Support\Facades\Facade::__callStatic('create', Array)
#7 C:\xampp_72\htdocs\appsiel_2020\appsiel\vendor\laravel\framework\src\Illuminate\Database\Migrations\Migrator.php(147): CreateInvFichaProductoTable->up()
#8 C:\xampp_72\htdocs\appsiel_2020\appsiel\vendor\laravel\framework\src\Illuminate\Database\Migrations\Migrator.php(117): Illuminate\Database\Migrations\Migrator->runUp('2020_07_21_1523...', 73, false)
#9 C:\xampp_72\htdocs\appsiel_2020\appsiel\vendor\laravel\framework\src\Illuminate\Database\Migrations\Migrator.php(86): Illuminate\Database\Migrations\Migrator->runMigrationList(Array, Array)
#10 C:\xampp_72\htdocs\appsiel_2020\appsiel\vendor\laravel\framework\src\Illuminate\Database\Console\Migrations\MigrateCommand.php(76): Illuminate\Database\Migrations\Migrator->run('C:\\xampp_72\\htd...', Array)
#11 [internal function]: Illuminate\Database\Console\Migrations\MigrateCommand->fire()
#12 C:\xampp_72\htdocs\appsiel_2020\appsiel\vendor\laravel\framework\src\Illuminate\Container\Container.php(507): call_user_func_array(Array, Array)
#13 C:\xampp_72\htdocs\appsiel_2020\appsiel\vendor\laravel\framework\src\Illuminate\Console\Command.php(169): Illuminate\Container\Container->call(Array)
#14 C:\xampp_72\htdocs\appsiel_2020\appsiel\vendor\symfony\console\Command\Command.php(256): Illuminate\Console\Command->execute(Object(Symfony\Component\Console\Input\ArgvInput), Object(Symfony\Component\Console\Output\ConsoleOutput))
#15 C:\xampp_72\htdocs\appsiel_2020\appsiel\vendor\laravel\framework\src\Illuminate\Console\Command.php(155): Symfony\Component\Console\Command\Command->run(Object(Symfony\Component\Console\Input\ArgvInput), Object(Symfony\Component\Console\Output\ConsoleOutput))
#16 C:\xampp_72\htdocs\appsiel_2020\appsiel\vendor\symfony\console\Application.php(794): Illuminate\Console\Command->run(Object(Symfony\Component\Console\Input\ArgvInput), Object(Symfony\Component\Console\Output\ConsoleOutput))
#17 C:\xampp_72\htdocs\appsiel_2020\appsiel\vendor\symfony\console\Application.php(186): Symfony\Component\Console\Application->doRunCommand(Object(Illuminate\Database\Console\Migrations\MigrateCommand), Object(Symfony\Component\Console\Input\ArgvInput), Object(Symfony\Component\Console\Output\ConsoleOutput))
#18 C:\xampp_72\htdocs\appsiel_2020\appsiel\vendor\symfony\console\Application.php(117): Symfony\Component\Console\Application->doRun(Object(Symfony\Component\Console\Input\ArgvInput), Object(Symfony\Component\Console\Output\ConsoleOutput))
#19 C:\xampp_72\htdocs\appsiel_2020\appsiel\vendor\laravel\framework\src\Illuminate\Foundation\Console\Kernel.php(107): Symfony\Component\Console\Application->run(Object(Symfony\Component\Console\Input\ArgvInput), Object(Symfony\Component\Console\Output\ConsoleOutput))
#20 C:\xampp_72\htdocs\appsiel_2020\appsiel\artisan(35): Illuminate\Foundation\Console\Kernel->handle(Object(Symfony\Component\Console\Input\ArgvInput), Object(Symfony\Component\Console\Output\ConsoleOutput))
#21 {main}  
